0 info it worked if it ends with ok
1 verbose cli [ 'C:\\nodejs_v4_4_5\\nodejs\\node.exe',
1 verbose cli   'C:\\nodejs_v4_4_5\\nodejs\\node_modules\\npm\\bin\\npm-cli.js',
1 verbose cli   'install',
1 verbose cli   'ngSanitize' ]
2 info using npm@2.15.5
3 info using node@v4.4.5
4 verbose install initial load of C:\fileup\server\package.json
5 warn package.json expapp@1.0.0 No description
6 warn package.json expapp@1.0.0 No repository field.
7 warn package.json expapp@1.0.0 No README data
8 verbose installManyTop reading scoped package data from C:\fileup\server\node_modules\body-parser\package.json
9 verbose installManyTop reading scoped package data from C:\fileup\server\node_modules\bower\package.json
10 verbose installManyTop reading scoped package data from C:\fileup\server\node_modules\express\package.json
11 verbose installManyTop reading scoped package data from C:\fileup\server\node_modules\fs\package.json
12 verbose installManyTop reading scoped package data from C:\fileup\server\node_modules\gulp\package.json
13 verbose installManyTop reading scoped package data from C:\fileup\server\node_modules\gulp-develop-server\package.json
14 verbose installManyTop reading scoped package data from C:\fileup\server\node_modules\gulp-jshint\package.json
15 verbose installManyTop reading scoped package data from C:\fileup\server\node_modules\multer\package.json
16 info package.json fs@0.0.2 fs is also the name of a node core module.
17 info package.json fs@0.0.2 No description
18 info package.json fs@0.0.2 No repository field.
19 info package.json fs@0.0.2 No README data
20 verbose readDependencies loading dependencies from C:\fileup\server\package.json
21 silly cache add args [ 'ngSanitize', null ]
22 verbose cache add spec ngSanitize
23 silly cache add parsed spec Result {
23 silly cache add   raw: 'ngSanitize',
23 silly cache add   scope: null,
23 silly cache add   name: 'ngSanitize',
23 silly cache add   rawSpec: '',
23 silly cache add   spec: 'latest',
23 silly cache add   type: 'tag' }
24 silly addNamed ngSanitize@latest
25 verbose addNamed "latest" is being treated as a dist-tag for ngSanitize
26 info addNameTag [ 'ngSanitize', 'latest' ]
27 silly mapToRegistry name ngSanitize
28 silly mapToRegistry using default registry
29 silly mapToRegistry registry https://registry.npmjs.org/
30 silly mapToRegistry data Result {
30 silly mapToRegistry   raw: 'ngSanitize',
30 silly mapToRegistry   scope: null,
30 silly mapToRegistry   name: 'ngSanitize',
30 silly mapToRegistry   rawSpec: '',
30 silly mapToRegistry   spec: 'latest',
30 silly mapToRegistry   type: 'tag' }
31 silly mapToRegistry uri https://registry.npmjs.org/ngSanitize
32 verbose addNameTag registry:https://registry.npmjs.org/ngSanitize not in flight; fetching
33 verbose request uri https://registry.npmjs.org/ngSanitize
34 verbose request no auth needed
35 info attempt registry request try #1 at 11:23:49 AM
36 verbose request id ff50edc3acd9148c
37 http request GET https://registry.npmjs.org/ngSanitize
38 http 404 https://registry.npmjs.org/ngSanitize
39 verbose headers { 'content-type': 'application/json',
39 verbose headers   'cache-control': 'max-age=0',
39 verbose headers   'content-length': '2',
39 verbose headers   'accept-ranges': 'bytes',
39 verbose headers   date: 'Fri, 07 Oct 2016 05:53:52 GMT',
39 verbose headers   via: '1.1 varnish',
39 verbose headers   age: '0',
39 verbose headers   connection: 'close',
39 verbose headers   'x-served-by': 'cache-sin6926-SIN',
39 verbose headers   'x-cache': 'MISS',
39 verbose headers   'x-cache-hits': '0',
39 verbose headers   'x-timer': 'S1475819631.026393,VS0,VE989',
39 verbose headers   vary: 'Accept-Encoding' }
40 silly get cb [ 404,
40 silly get   { 'content-type': 'application/json',
40 silly get     'cache-control': 'max-age=0',
40 silly get     'content-length': '2',
40 silly get     'accept-ranges': 'bytes',
40 silly get     date: 'Fri, 07 Oct 2016 05:53:52 GMT',
40 silly get     via: '1.1 varnish',
40 silly get     age: '0',
40 silly get     connection: 'close',
40 silly get     'x-served-by': 'cache-sin6926-SIN',
40 silly get     'x-cache': 'MISS',
40 silly get     'x-cache-hits': '0',
40 silly get     'x-timer': 'S1475819631.026393,VS0,VE989',
40 silly get     vary: 'Accept-Encoding' } ]
41 verbose stack Error: Registry returned 404 for GET on https://registry.npmjs.org/ngSanitize
41 verbose stack     at makeError (C:\nodejs_v4_4_5\nodejs\node_modules\npm\node_modules\npm-registry-client\lib\request.js:264:12)
41 verbose stack     at CachingRegistryClient.<anonymous> (C:\nodejs_v4_4_5\nodejs\node_modules\npm\node_modules\npm-registry-client\lib\request.js:242:14)
41 verbose stack     at Request._callback (C:\nodejs_v4_4_5\nodejs\node_modules\npm\node_modules\npm-registry-client\lib\request.js:172:14)
41 verbose stack     at Request.self.callback (C:\nodejs_v4_4_5\nodejs\node_modules\npm\node_modules\request\request.js:200:22)
41 verbose stack     at emitTwo (events.js:87:13)
41 verbose stack     at Request.emit (events.js:172:7)
41 verbose stack     at Request.<anonymous> (C:\nodejs_v4_4_5\nodejs\node_modules\npm\node_modules\request\request.js:1067:10)
41 verbose stack     at emitOne (events.js:82:20)
41 verbose stack     at Request.emit (events.js:169:7)
41 verbose stack     at IncomingMessage.<anonymous> (C:\nodejs_v4_4_5\nodejs\node_modules\npm\node_modules\request\request.js:988:12)
42 verbose statusCode 404
43 verbose pkgid ngSanitize
44 verbose cwd C:\fileup\server
45 error Windows_NT 6.1.7600
46 error argv "C:\\nodejs_v4_4_5\\nodejs\\node.exe" "C:\\nodejs_v4_4_5\\nodejs\\node_modules\\npm\\bin\\npm-cli.js" "install" "ngSanitize"
47 error node v4.4.5
48 error npm  v2.15.5
49 error code E404
50 error 404 Registry returned 404 for GET on https://registry.npmjs.org/ngSanitize
50 error 404
50 error 404 'ngSanitize' is not in the npm registry.
50 error 404 Your package name is not valid, because
50 error 404
50 error 404  1. name can no longer contain capital letters
50 error 404 It was specified as a dependency of 'expapp'
50 error 404
50 error 404 Note that you can also install from a
50 error 404 tarball, folder, http url, or git url.
51 verbose exit [ 1, true ]
